Removed Pin From Net: NetName=GND Pin=C7-1
Removed Pin From Net: NetName=3v3 Pin=C7-2
Removed Pin From Net: NetName=GND Pin=C8-1
Removed Pin From Net: NetName=GND Pin=C14-2
Removed Pin From Net: NetName=NetC6_2 Pin=U4-1
Removed Pin From Net: NetName=NetC6_1 Pin=U4-3
Removed Pin From Net: NetName=NetC5_2 Pin=U4-4
Removed Pin From Net: NetName=NetC5_1 Pin=U4-5
Change Component DesignItemId : Designator=C5 Old DesignItemId=C Pol New DesignItemId=C
Change Component DesignItemId : Designator=C6 Old DesignItemId=C Pol New DesignItemId=C
Change Component DesignItemId : Designator=C7 Old DesignItemId=C Pol New DesignItemId=C
Change Component DesignItemId : Designator=C8 Old DesignItemId=C Pol New DesignItemId=C
Change Component DesignItemId : Designator=C14 Old DesignItemId=C Pol New DesignItemId=C
Change Component Footprint: Designator=C5 Old Footprint=C Elec TH V 4x7-2.5 New Footprint=C Disc 8x2.5-5.0
Change Component Footprint: Designator=C6 Old Footprint=C Elec TH V 4x7-2.5 New Footprint=C Disc 8x2.5-5.0
Change Component Footprint: Designator=C7 Old Footprint=C Elec TH V 4x7-2.5 New Footprint=C Disc 8x2.5-5.0
Change Component Footprint: Designator=C8 Old Footprint=C Elec TH V 4x7-2.5 New Footprint=C Disc 8x2.5-5.0
Change Component Footprint: Designator=C14 Old Footprint=C Elec TH V 4x7-2.5 New Footprint=C Disc 8x2.5-5.0
Change Component Description : Designator=C5 Old Description=Capacitor, polarized, generic New Description=Capacitor, generic
Change Component Description : Designator=C6 Old Description=Capacitor, polarized, generic New Description=Capacitor, generic
Change Component Description : Designator=C7 Old Description=Capacitor, polarized, generic New Description=Capacitor, generic
Change Component Description : Designator=C8 Old Description=Capacitor, polarized, generic New Description=Capacitor, generic
Change Component Description : Designator=C14 Old Description=Capacitor, polarized, generic New Description=Capacitor, generic
Added Pin To Net: NetName=3v3 Pin=C7-1
Added Pin To Net: NetName=GND Pin=C7-2
Added Pin To Net: NetName=GND Pin=C8-2
Added Pin To Net: NetName=GND Pin=C14-1
Added Pin To Net: NetName=NetC6_1 Pin=U4-1
Added Pin To Net: NetName=NetC6_2 Pin=U4-3
Added Pin To Net: NetName=NetC5_1 Pin=U4-4
Added Pin To Net: NetName=NetC5_2 Pin=U4-5
Added Pin To Net: NetName=NetC8_1 Pin=C8-1
Added Pin To Net: NetName=NetC8_1 Pin=U4-2
Added Net: Name=NetC8_1
